Determining if the include file pthread.h exists passed with the following output:
Change Dir: /Users/mac/temp/RayTracing/bin/CMakeFiles/CMakeTmp

Run Build Command(s):/usr/bin/make -f Makefile cmTC_47a91/fast && /Library/Developer/CommandLineTools/usr/bin/make  -f CMakeFiles/cmTC_47a91.dir/build.make CMakeFiles/cmTC_47a91.dir/build
Building C object CMakeFiles/cmTC_47a91.dir/CheckIncludeFile.c.o
/Library/Developer/CommandLineTools/usr/bin/cc   -arch arm64 -isysroot /Library/Developer/CommandLineTools/SDKs/MacOSX11.3.sdk -MD -MT CMakeFiles/cmTC_47a91.dir/CheckIncludeFile.c.o -MF CMakeFiles/cmTC_47a91.dir/CheckIncludeFile.c.o.d -o CMakeFiles/cmTC_47a91.dir/CheckIncludeFile.c.o -c /Users/mac/temp/RayTracing/bin/CMakeFiles/CMakeTmp/CheckIncludeFile.c
Linking C executable cmTC_47a91
/opt/homebrew/Cellar/cmake/3.21.2/bin/cmake -E cmake_link_script CMakeFiles/cmTC_47a91.dir/link.txt --verbose=1
/Library/Developer/CommandLineTools/usr/bin/cc  -arch arm64 -isysroot /Library/Developer/CommandLineTools/SDKs/MacOSX11.3.sdk -Wl,-search_paths_first -Wl,-headerpad_max_install_names CMakeFiles/cmTC_47a91.dir/CheckIncludeFile.c.o -o cmTC_47a91 



Performing C SOURCE FILE Test CMAKE_HAVE_LIBC_PTHREAD succeeded with the following output:
Change Dir: /Users/mac/temp/RayTracing/bin/CMakeFiles/CMakeTmp

Run Build Command(s):/usr/bin/make -f Makefile cmTC_a8a1c/fast && /Library/Developer/CommandLineTools/usr/bin/make  -f CMakeFiles/cmTC_a8a1c.dir/build.make CMakeFiles/cmTC_a8a1c.dir/build
Building C object CMakeFiles/cmTC_a8a1c.dir/src.c.o
/Library/Developer/CommandLineTools/usr/bin/cc -DCMAKE_HAVE_LIBC_PTHREAD  -arch arm64 -isysroot /Library/Developer/CommandLineTools/SDKs/MacOSX11.3.sdk -MD -MT CMakeFiles/cmTC_a8a1c.dir/src.c.o -MF CMakeFiles/cmTC_a8a1c.dir/src.c.o.d -o CMakeFiles/cmTC_a8a1c.dir/src.c.o -c /Users/mac/temp/RayTracing/bin/CMakeFiles/CMakeTmp/src.c
Linking C executable cmTC_a8a1c
/opt/homebrew/Cellar/cmake/3.21.2/bin/cmake -E cmake_link_script CMakeFiles/cmTC_a8a1c.dir/link.txt --verbose=1
/Library/Developer/CommandLineTools/usr/bin/cc  -arch arm64 -isysroot /Library/Developer/CommandLineTools/SDKs/MacOSX11.3.sdk -Wl,-search_paths_first -Wl,-headerpad_max_install_names CMakeFiles/cmTC_a8a1c.dir/src.c.o -o cmTC_a8a1c 


Source file was:
#include <pthread.h>

static void* test_func(void* data)
{
  return data;
}

int main(void)
{
  pthread_t thread;
  pthread_create(&thread, NULL, test_func, NULL);
  pthread_detach(thread);
  pthread_cancel(thread);
  pthread_join(thread, NULL);
  pthread_atfork(NULL, NULL, NULL);
  pthread_exit(NULL);

  return 0;
}

